<?xml version="1.0" encoding="UTF-8" ?>
<testsuite tests="6" failures="0" name="TestSuite" time="0.018" errors="0" skipped="0">
  <properties>
[...]
</properties>
  <testcase classname="qaclickacademy.AppiumTest" name="IOSApps" time="0.011"/>
  <testcase classname="qaclickacademy.AppiumTest" name="nativeAppAndroid" time="0.004"/>
  <testcase classname="qaclickacademy.RestAPITest" name="deleteTwitter" time="0.001"/>
  <testcase classname="qaclickacademy.RestAPITest" name="postJira" time="0"/>
  <testcase classname="qaclickacademy.SeleniumTest" name="browserAutomation" time="0.002"/>
  <testcase classname="qaclickacademy.SeleniumTest" name="elementsUI" time="0"/>
</testsuite>