<?xml version="1.0" encoding="UTF-8"?>
<testng-results ignored="0" total="6" passed="6" failed="0" skipped="0">
  <reporter-output>
  </reporter-output>
  <suite started-at="2021-06-23T15:22:55 IST" name="Command line suite" finished-at="2021-06-23T15:22:55 IST" duration-ms="88">
    <groups>
    </groups>
    <test started-at="2021-06-23T15:22:55 IST" name="Command line test" finished-at="2021-06-23T15:22:55 IST" duration-ms="88">
      <class name="qaclickacademy.AppiumTest">
        <test-method signature="IOSApps()[pri:0, instance:qaclickacademy.AppiumTest@47af7f3d]" started-at="2021-06-23T15:22:55 IST" name="IOSApps" finished-at="2021-06-23T15:22:55 IST" duration-ms="6" status="PASS">
          <reporter-output>
          </reporter-output>
        </test-method> <!-- IOSApps -->
        <test-method signature="nativeAppAndroid()[pri:0, instance:qaclickacademy.AppiumTest@47af7f3d]" started-at="2021-06-23T15:22:55 IST" name="nativeAppAndroid" finished-at="2021-06-23T15:22:55 IST" duration-ms="2" status="PASS">
          <reporter-output>
          </reporter-output>
        </test-method> <!-- nativeAppAndroid -->
      </class> <!-- qaclickacademy.AppiumTest -->
      <class name="qaclickacademy.RestAPITest">
        <test-method signature="deleteTwitter()[pri:0, instance:qaclickacademy.RestAPITest@67d48005]" started-at="2021-06-23T15:22:55 IST" name="deleteTwitter" finished-at="2021-06-23T15:22:55 IST" duration-ms="0" status="PASS">
          <reporter-output>
          </reporter-output>
        </test-method> <!-- deleteTwitter -->
        <test-method signature="postJira()[pri:0, instance:qaclickacademy.RestAPITest@67d48005]" started-at="2021-06-23T15:22:55 IST" name="postJira" finished-at="2021-06-23T15:22:55 IST" duration-ms="1" status="PASS">
          <reporter-output>
          </reporter-output>
        </test-method> <!-- postJira -->
      </class> <!-- qaclickacademy.RestAPITest -->
      <class name="qaclickacademy.SeleniumTest">
        <test-method signature="browserAutomation()[pri:0, instance:qaclickacademy.SeleniumTest@9f116cc]" started-at="2021-06-23T15:22:55 IST" name="browserAutomation" finished-at="2021-06-23T15:22:55 IST" duration-ms="1" status="PASS">
          <reporter-output>
          </reporter-output>
        </test-method> <!-- browserAutomation -->
        <test-method signature="elementsUI()[pri:0, instance:qaclickacademy.SeleniumTest@9f116cc]" started-at="2021-06-23T15:22:55 IST" name="elementsUI" finished-at="2021-06-23T15:22:55 IST" duration-ms="1" status="PASS">
          <reporter-output>
          </reporter-output>
        </test-method> <!-- elementsUI -->
      </class> <!-- qaclickacademy.SeleniumTest -->
    </test> <!-- Command line test -->
  </suite> <!-- Command line suite -->
</testng-results>
